d:\workspace\ucosii\ucos\ucos_sfcode_debug\ucosii_safecode\ucosii_safecode\debug\vc141.pdb
d:\workspace\ucosii\ucos\ucos_sfcode_debug\ucosii_safecode\ucosii_safecode\debug\vc141.idb
d:\workspace\ucosii\ucos\ucos_sfcode_debug\ucosii_safecode\ucosii_safecode\debug\test_mycase.obj
d:\workspace\ucosii\ucos\ucos_sfcode_debug\ucosii_safecode\ucosii_safecode\debug\test_case.obj
d:\workspace\ucosii\ucos\ucos_sfcode_debug\ucosii_safecode\ucosii_safecode\debug\test.obj
d:\workspace\ucosii\ucos\ucos_sfcode_debug\ucosii_safecode\ucosii_safecode\debug\os_trace.obj
d:\workspace\ucosii\ucos\ucos_sfcode_debug\ucosii_safecode\ucosii_safecode\debug\os_cpu_c.obj
d:\workspace\ucosii\ucos\ucos_sfcode_debug\ucosii_safecode\ucosii_safecode\debug\ucos_ii.obj
d:\workspace\ucosii\ucos\ucos_sfcode_debug\ucosii_safecode\ucosii_safecode\debug\os_safe_var.obj
d:\workspace\ucosii\ucos\ucos_sfcode_debug\ucosii_safecode\ucosii_safecode\debug\os_safe_rule.obj
d:\workspace\ucosii\ucos\ucos_sfcode_debug\ucosii_safecode\ucosii_safecode\debug\os_safe_mem.obj
d:\workspace\ucosii\ucos\ucos_sfcode_debug\ucosii_safecode\debug\ucosii_safecode.exe
d:\workspace\ucosii\ucos\ucos_sfcode_debug\ucosii_safecode\debug\ucosii_safecode.ilk
d:\workspace\ucosii\ucos\ucos_sfcode_debug\ucosii_safecode\debug\ucosii_safecode.pdb
d:\workspace\ucosii\ucos\ucos_sfcode_debug\ucosii_safecode\ucosii_safecode\debug\ucosii_safecode.tlog\cl.command.1.tlog
d:\workspace\ucosii\ucos\ucos_sfcode_debug\ucosii_safecode\ucosii_safecode\debug\ucosii_safecode.tlog\cl.read.1.tlog
d:\workspace\ucosii\ucos\ucos_sfcode_debug\ucosii_safecode\ucosii_safecode\debug\ucosii_safecode.tlog\cl.write.1.tlog
d:\workspace\ucosii\ucos\ucos_sfcode_debug\ucosii_safecode\ucosii_safecode\debug\ucosii_safecode.tlog\link.command.1.tlog
d:\workspace\ucosii\ucos\ucos_sfcode_debug\ucosii_safecode\ucosii_safecode\debug\ucosii_safecode.tlog\link.read.1.tlog
d:\workspace\ucosii\ucos\ucos_sfcode_debug\ucosii_safecode\ucosii_safecode\debug\ucosii_safecode.tlog\link.write.1.tlog
